<?xml version="1.0" encoding="UTF-8"?>
<testng-results skipped="0" failed="4" total="28" passed="24">
  <reporter-output>
  </reporter-output>
  <suite name="Suite" duration-ms="2042409" started-at="2020-12-03T04:10:18Z" finished-at="2020-12-03T04:44:20Z">
    <groups>
    </groups>
    <test name="Validating User login" duration-ms="14880" started-at="2020-12-03T04:10:18Z" finished-at="2020-12-03T04:10:33Z">
      <class name="Academy.Withoutsigninpage">
        <test-method status="PASS" signature="intialize()[pri:0, instance:Academy.Withoutsigninpage@510f3d34]" name="intialize" is-config="true" duration-ms="8533" started-at="2020-12-03T09:40:18Z" finished-at="2020-12-03T09:40:26Z">
          <reporter-output>
          </reporter-output>
        </test-method> <!-- intialize -->
        <test-method status="PASS" signature="withoutsignin()[pri:0, instance:Academy.Withoutsigninpage@510f3d34]" name="withoutsignin" duration-ms="6118" started-at="2020-12-03T09:40:26Z" finished-at="2020-12-03T09:40:32Z">
          <reporter-output>
          </reporter-output>
        </test-method> <!-- withoutsignin -->
        <test-method status="PASS" signature="teardown()[pri:0, instance:Academy.Withoutsigninpage@510f3d34]" name="teardown" is-config="true" duration-ms="207" started-at="2020-12-03T09:40:32Z" finished-at="2020-12-03T09:40:33Z">
          <reporter-output>
          </reporter-output>
        </test-method> <!-- teardown -->
      </class> <!-- Academy.Withoutsigninpage -->
    </test> <!-- Validating User login -->
    <test name="View Dashboard page" duration-ms="50337" started-at="2020-12-03T04:10:33Z" finished-at="2020-12-03T04:11:23Z">
      <class name="Academy.Dashboardpage">
        <test-method status="PASS" signature="intialize()[pri:0, instance:Academy.Dashboardpage@609cd4d8]" name="intialize" is-config="true" duration-ms="7247" started-at="2020-12-03T09:40:33Z" finished-at="2020-12-03T09:40:40Z">
          <reporter-output>
          </reporter-output>
        </test-method> <!-- intialize -->
        <test-method status="PASS" signature="dashboard()[pri:0, instance:Academy.Dashboardpage@609cd4d8]" name="dashboard" duration-ms="42986" started-at="2020-12-03T09:40:40Z" finished-at="2020-12-03T09:41:23Z">
          <reporter-output>
          </reporter-output>
        </test-method> <!-- dashboard -->
        <test-method status="PASS" signature="teardown()[pri:0, instance:Academy.Dashboardpage@609cd4d8]" name="teardown" is-config="true" duration-ms="103" started-at="2020-12-03T09:41:23Z" finished-at="2020-12-03T09:41:23Z">
          <reporter-output>
          </reporter-output>
        </test-method> <!-- teardown -->
      </class> <!-- Academy.Dashboardpage -->
    </test> <!-- View Dashboard page -->
    <test name="View Usermanagement page" duration-ms="110944" started-at="2020-12-03T04:11:23Z" finished-at="2020-12-03T04:13:14Z">
      <class name="Academy.Usermanagementpage">
        <test-method status="PASS" signature="intialize()[pri:0, instance:Academy.Usermanagementpage@5fbe4146]" name="intialize" is-config="true" duration-ms="7508" started-at="2020-12-03T09:41:23Z" finished-at="2020-12-03T09:41:31Z">
          <reporter-output>
          </reporter-output>
        </test-method> <!-- intialize -->
        <test-method status="PASS" signature="usermanagement()[pri:0, instance:Academy.Usermanagementpage@5fbe4146]" name="usermanagement" duration-ms="103292" started-at="2020-12-03T09:41:31Z" finished-at="2020-12-03T09:43:14Z">
          <reporter-output>
          </reporter-output>
        </test-method> <!-- usermanagement -->
        <test-method status="PASS" signature="teardown()[pri:0, instance:Academy.Usermanagementpage@5fbe4146]" name="teardown" is-config="true" duration-ms="142" started-at="2020-12-03T09:43:14Z" finished-at="2020-12-03T09:43:14Z">
          <reporter-output>
          </reporter-output>
        </test-method> <!-- teardown -->
      </class> <!-- Academy.Usermanagementpage -->
    </test> <!-- View Usermanagement page -->
    <test name="View FarmUsers page" duration-ms="91492" started-at="2020-12-03T04:13:14Z" finished-at="2020-12-03T04:14:46Z">
      <class name="Academy.Farmuserspage">
        <test-method status="PASS" signature="intialize()[pri:0, instance:Academy.Farmuserspage@4961f6af]" name="intialize" is-config="true" duration-ms="7205" started-at="2020-12-03T09:43:14Z" finished-at="2020-12-03T09:43:22Z">
          <reporter-output>
          </reporter-output>
        </test-method> <!-- intialize -->
        <test-method status="PASS" signature="farmusers()[pri:0, instance:Academy.Farmuserspage@4961f6af]" name="farmusers" duration-ms="84084" started-at="2020-12-03T09:43:22Z" finished-at="2020-12-03T09:44:46Z">
          <reporter-output>
          </reporter-output>
        </test-method> <!-- farmusers -->
        <test-method status="PASS" signature="teardown()[pri:0, instance:Academy.Farmuserspage@4961f6af]" name="teardown" is-config="true" duration-ms="202" started-at="2020-12-03T09:44:46Z" finished-at="2020-12-03T09:44:46Z">
          <reporter-output>
          </reporter-output>
        </test-method> <!-- teardown -->
      </class> <!-- Academy.Farmuserspage -->
    </test> <!-- View FarmUsers page -->
    <test name="View Advisory page" duration-ms="85028" started-at="2020-12-03T04:14:46Z" finished-at="2020-12-03T04:16:11Z">
      <class name="Academy.Advisorypage">
        <test-method status="PASS" signature="intialize()[pri:0, instance:Academy.Advisorypage@6a2f6f80]" name="intialize" is-config="true" duration-ms="7156" started-at="2020-12-03T09:44:46Z" finished-at="2020-12-03T09:44:53Z">
          <reporter-output>
          </reporter-output>
        </test-method> <!-- intialize -->
        <test-method status="PASS" signature="advisory()[pri:0, instance:Academy.Advisorypage@6a2f6f80]" name="advisory" duration-ms="77665" started-at="2020-12-03T09:44:53Z" finished-at="2020-12-03T09:46:11Z">
          <reporter-output>
          </reporter-output>
        </test-method> <!-- advisory -->
        <test-method status="PASS" signature="teardown()[pri:0, instance:Academy.Advisorypage@6a2f6f80]" name="teardown" is-config="true" duration-ms="205" started-at="2020-12-03T09:46:11Z" finished-at="2020-12-03T09:46:11Z">
          <reporter-output>
          </reporter-output>
        </test-method> <!-- teardown -->
      </class> <!-- Academy.Advisorypage -->
    </test> <!-- View Advisory page -->
    <test name="View Crop Criteria page" duration-ms="71019" started-at="2020-12-03T04:16:11Z" finished-at="2020-12-03T04:17:22Z">
      <class name="Academy.Cropcriteriapage">
        <test-method status="PASS" signature="intialize()[pri:0, instance:Academy.Cropcriteriapage@4c39bec8]" name="intialize" is-config="true" duration-ms="7215" started-at="2020-12-03T09:46:11Z" finished-at="2020-12-03T09:46:18Z">
          <reporter-output>
          </reporter-output>
        </test-method> <!-- intialize -->
        <test-method status="PASS" signature="cropcriteria()[pri:0, instance:Academy.Cropcriteriapage@4c39bec8]" name="cropcriteria" duration-ms="63667" started-at="2020-12-03T09:46:18Z" finished-at="2020-12-03T09:47:22Z">
          <reporter-output>
          </reporter-output>
        </test-method> <!-- cropcriteria -->
        <test-method status="PASS" signature="teardown()[pri:0, instance:Academy.Cropcriteriapage@4c39bec8]" name="teardown" is-config="true" duration-ms="134" started-at="2020-12-03T09:47:22Z" finished-at="2020-12-03T09:47:22Z">
          <reporter-output>
          </reporter-output>
        </test-method> <!-- teardown -->
      </class> <!-- Academy.Cropcriteriapage -->
    </test> <!-- View Crop Criteria page -->
    <test name="View Pest Management page" duration-ms="68510" started-at="2020-12-03T04:17:22Z" finished-at="2020-12-03T04:18:31Z">
      <class name="Academy.Pestmanagementpage">
        <test-method status="PASS" signature="intialize()[pri:0, instance:Academy.Pestmanagementpage@7494f96a]" name="intialize" is-config="true" duration-ms="7051" started-at="2020-12-03T09:47:22Z" finished-at="2020-12-03T09:47:29Z">
          <reporter-output>
          </reporter-output>
        </test-method> <!-- intialize -->
        <test-method status="PASS" signature="pestmanagement()[pri:0, instance:Academy.Pestmanagementpage@7494f96a]" name="pestmanagement" duration-ms="61348" started-at="2020-12-03T09:47:29Z" finished-at="2020-12-03T09:48:30Z">
          <reporter-output>
          </reporter-output>
        </test-method> <!-- pestmanagement -->
        <test-method status="PASS" signature="teardown()[pri:0, instance:Academy.Pestmanagementpage@7494f96a]" name="teardown" is-config="true" duration-ms="109" started-at="2020-12-03T09:48:30Z" finished-at="2020-12-03T09:48:31Z">
          <reporter-output>
          </reporter-output>
        </test-method> <!-- teardown -->
      </class> <!-- Academy.Pestmanagementpage -->
    </test> <!-- View Pest Management page -->
    <test name="View Disease Management page" duration-ms="74975" started-at="2020-12-03T04:18:31Z" finished-at="2020-12-03T04:19:46Z">
      <class name="Academy.Diseasemanagementpage">
        <test-method status="PASS" signature="intialize()[pri:0, instance:Academy.Diseasemanagementpage@6aaceffd]" name="intialize" is-config="true" duration-ms="7213" started-at="2020-12-03T09:48:31Z" finished-at="2020-12-03T09:48:38Z">
          <reporter-output>
          </reporter-output>
        </test-method> <!-- intialize -->
        <test-method status="PASS" signature="diseasemanagement()[pri:0, instance:Academy.Diseasemanagementpage@6aaceffd]" name="diseasemanagement" duration-ms="67652" started-at="2020-12-03T09:48:38Z" finished-at="2020-12-03T09:49:46Z">
          <reporter-output>
          </reporter-output>
        </test-method> <!-- diseasemanagement -->
        <test-method status="PASS" signature="teardown()[pri:0, instance:Academy.Diseasemanagementpage@6aaceffd]" name="teardown" is-config="true" duration-ms="108" started-at="2020-12-03T09:49:46Z" finished-at="2020-12-03T09:49:46Z">
          <reporter-output>
          </reporter-output>
        </test-method> <!-- teardown -->
      </class> <!-- Academy.Diseasemanagementpage -->
    </test> <!-- View Disease Management page -->
    <test name="View Curative Pest Management page" duration-ms="68107" started-at="2020-12-03T04:19:46Z" finished-at="2020-12-03T04:20:54Z">
      <class name="Academy.Curativepestmanagementpage">
        <test-method status="PASS" signature="intialize()[pri:0, instance:Academy.Curativepestmanagementpage@38102d01]" name="intialize" is-config="true" duration-ms="7047" started-at="2020-12-03T09:49:46Z" finished-at="2020-12-03T09:49:53Z">
          <reporter-output>
          </reporter-output>
        </test-method> <!-- intialize -->
        <test-method status="PASS" signature="curativepestmanagement()[pri:0, instance:Academy.Curativepestmanagementpage@38102d01]" name="curativepestmanagement" duration-ms="60960" started-at="2020-12-03T09:49:53Z" finished-at="2020-12-03T09:50:54Z">
          <reporter-output>
          </reporter-output>
        </test-method> <!-- curativepestmanagement -->
        <test-method status="PASS" signature="teardown()[pri:0, instance:Academy.Curativepestmanagementpage@38102d01]" name="teardown" is-config="true" duration-ms="99" started-at="2020-12-03T09:50:54Z" finished-at="2020-12-03T09:50:54Z">
          <reporter-output>
          </reporter-output>
        </test-method> <!-- teardown -->
      </class> <!-- Academy.Curativepestmanagementpage -->
    </test> <!-- View Curative Pest Management page -->
    <test name="View Curative Disease Management page" duration-ms="67703" started-at="2020-12-03T04:20:54Z" finished-at="2020-12-03T04:22:02Z">
      <class name="Academy.Curativediseasemanagementpage">
        <test-method status="PASS" signature="intialize()[pri:0, instance:Academy.Curativediseasemanagementpage@58ea606c]" name="intialize" is-config="true" duration-ms="7265" started-at="2020-12-03T09:50:54Z" finished-at="2020-12-03T09:51:01Z">
          <reporter-output>
          </reporter-output>
        </test-method> <!-- intialize -->
        <test-method status="PASS" signature="curativediseasemanagement()[pri:0, instance:Academy.Curativediseasemanagementpage@58ea606c]" name="curativediseasemanagement" duration-ms="60297" started-at="2020-12-03T09:51:01Z" finished-at="2020-12-03T09:52:01Z">
          <reporter-output>
          </reporter-output>
        </test-method> <!-- curativediseasemanagement -->
        <test-method status="PASS" signature="teardown()[pri:0, instance:Academy.Curativediseasemanagementpage@58ea606c]" name="teardown" is-config="true" duration-ms="140" started-at="2020-12-03T09:52:01Z" finished-at="2020-12-03T09:52:02Z">
          <reporter-output>
          </reporter-output>
        </test-method> <!-- teardown -->
      </class> <!-- Academy.Curativediseasemanagementpage -->
    </test> <!-- View Curative Disease Management page -->
    <test name="View Curative Nutrient Deficiency Management page" duration-ms="73678" started-at="2020-12-03T04:22:02Z" finished-at="2020-12-03T04:23:15Z">
      <class name="Academy.Curativenutrientdeficiencymanagementpage">
        <test-method status="PASS" signature="intialize()[pri:0, instance:Academy.Curativenutrientdeficiencymanagementpage@762ef0ea]" name="intialize" is-config="true" duration-ms="7189" started-at="2020-12-03T09:52:02Z" finished-at="2020-12-03T09:52:09Z">
          <reporter-output>
          </reporter-output>
        </test-method> <!-- intialize -->
        <test-method status="PASS" signature="curativenutrientdeficiencymanagement()[pri:0, instance:Academy.Curativenutrientdeficiencymanagementpage@762ef0ea]" name="curativenutrientdeficiencymanagement" duration-ms="66155" started-at="2020-12-03T09:52:09Z" finished-at="2020-12-03T09:53:15Z">
          <reporter-output>
          </reporter-output>
        </test-method> <!-- curativenutrientdeficiencymanagement -->
        <test-method status="PASS" signature="teardown()[pri:0, instance:Academy.Curativenutrientdeficiencymanagementpage@762ef0ea]" name="teardown" is-config="true" duration-ms="333" started-at="2020-12-03T09:53:15Z" finished-at="2020-12-03T09:53:15Z">
          <reporter-output>
          </reporter-output>
        </test-method> <!-- teardown -->
      </class> <!-- Academy.Curativenutrientdeficiencymanagementpage -->
    </test> <!-- View Curative Nutrient Deficiency Management page -->
    <test name="View Varieties page" duration-ms="65158" started-at="2020-12-03T04:23:15Z" finished-at="2020-12-03T04:24:21Z">
      <class name="Academy.Varietiespage">
        <test-method status="PASS" signature="intialize()[pri:0, instance:Academy.Varietiespage@7b02881e]" name="intialize" is-config="true" duration-ms="6999" started-at="2020-12-03T09:53:15Z" finished-at="2020-12-03T09:53:22Z">
          <reporter-output>
          </reporter-output>
        </test-method> <!-- intialize -->
        <test-method status="PASS" signature="varieties()[pri:0, instance:Academy.Varietiespage@7b02881e]" name="varieties" duration-ms="58020" started-at="2020-12-03T09:53:22Z" finished-at="2020-12-03T09:54:20Z">
          <reporter-output>
          </reporter-output>
        </test-method> <!-- varieties -->
        <test-method status="PASS" signature="teardown()[pri:0, instance:Academy.Varietiespage@7b02881e]" name="teardown" is-config="true" duration-ms="137" started-at="2020-12-03T09:54:20Z" finished-at="2020-12-03T09:54:21Z">
          <reporter-output>
          </reporter-output>
        </test-method> <!-- teardown -->
      </class> <!-- Academy.Varietiespage -->
    </test> <!-- View Varieties page -->
    <test name="View Intercrop Activities page" duration-ms="68310" started-at="2020-12-03T04:24:21Z" finished-at="2020-12-03T04:25:29Z">
      <class name="Academy.Intercropactivitiespage">
        <test-method status="PASS" signature="intialize()[pri:0, instance:Academy.Intercropactivitiespage@2898ac89]" name="intialize" is-config="true" duration-ms="7256" started-at="2020-12-03T09:54:21Z" finished-at="2020-12-03T09:54:28Z">
          <reporter-output>
          </reporter-output>
        </test-method> <!-- intialize -->
        <test-method status="PASS" signature="intercropactivities()[pri:0, instance:Academy.Intercropactivitiespage@2898ac89]" name="intercropactivities" duration-ms="60939" started-at="2020-12-03T09:54:28Z" finished-at="2020-12-03T09:55:29Z">
          <reporter-output>
          </reporter-output>
        </test-method> <!-- intercropactivities -->
        <test-method status="PASS" signature="teardown()[pri:0, instance:Academy.Intercropactivitiespage@2898ac89]" name="teardown" is-config="true" duration-ms="114" started-at="2020-12-03T09:55:29Z" finished-at="2020-12-03T09:55:29Z">
          <reporter-output>
          </reporter-output>
        </test-method> <!-- teardown -->
      </class> <!-- Academy.Intercropactivitiespage -->
    </test> <!-- View Intercrop Activities page -->
    <test name="View Crop details page" duration-ms="73364" started-at="2020-12-03T04:25:29Z" finished-at="2020-12-03T04:26:42Z">
      <class name="Academy.Cropdetailspage">
        <test-method status="PASS" signature="intialize()[pri:0, instance:Academy.Cropdetailspage@2f465398]" name="intialize" is-config="true" duration-ms="7435" started-at="2020-12-03T09:55:29Z" finished-at="2020-12-03T09:55:36Z">
          <reporter-output>
          </reporter-output>
        </test-method> <!-- intialize -->
        <test-method status="PASS" signature="cropdetails()[pri:0, instance:Academy.Cropdetailspage@2f465398]" name="cropdetails" duration-ms="65786" started-at="2020-12-03T09:55:36Z" finished-at="2020-12-03T09:56:42Z">
          <reporter-output>
          </reporter-output>
        </test-method> <!-- cropdetails -->
        <test-method status="PASS" signature="teardown()[pri:0, instance:Academy.Cropdetailspage@2f465398]" name="teardown" is-config="true" duration-ms="141" started-at="2020-12-03T09:56:42Z" finished-at="2020-12-03T09:56:42Z">
          <reporter-output>
          </reporter-output>
        </test-method> <!-- teardown -->
      </class> <!-- Academy.Cropdetailspage -->
    </test> <!-- View Crop details page -->
    <test name="View Additional Activities page" duration-ms="68107" started-at="2020-12-03T04:26:42Z" finished-at="2020-12-03T04:27:50Z">
      <class name="Academy.Additionalactivitiespage">
        <test-method status="PASS" signature="intialize()[pri:0, instance:Academy.Additionalactivitiespage@6a03bcb1]" name="intialize" is-config="true" duration-ms="7119" started-at="2020-12-03T09:56:42Z" finished-at="2020-12-03T09:56:49Z">
          <reporter-output>
          </reporter-output>
        </test-method> <!-- intialize -->
        <test-method status="PASS" signature="additionalpactivities()[pri:0, instance:Academy.Additionalactivitiespage@6a03bcb1]" name="additionalpactivities" duration-ms="60877" started-at="2020-12-03T09:56:49Z" finished-at="2020-12-03T09:57:50Z">
          <reporter-output>
          </reporter-output>
        </test-method> <!-- additionalpactivities -->
        <test-method status="PASS" signature="teardown()[pri:0, instance:Academy.Additionalactivitiespage@6a03bcb1]" name="teardown" is-config="true" duration-ms="108" started-at="2020-12-03T09:57:50Z" finished-at="2020-12-03T09:57:50Z">
          <reporter-output>
          </reporter-output>
        </test-method> <!-- teardown -->
      </class> <!-- Academy.Additionalactivitiespage -->
    </test> <!-- View Additional Activities page -->
    <test name="View Add Crop Feature page" duration-ms="82955" started-at="2020-12-03T04:27:51Z" finished-at="2020-12-03T04:29:14Z">
      <class name="Academy.Addcropfeaturepage">
        <test-method status="PASS" signature="intialize()[pri:0, instance:Academy.Addcropfeaturepage@76ed1b7c]" name="intialize" is-config="true" duration-ms="7165" started-at="2020-12-03T09:57:51Z" finished-at="2020-12-03T09:57:58Z">
          <reporter-output>
          </reporter-output>
        </test-method> <!-- intialize -->
        <test-method status="PASS" signature="addcropfeature()[pri:0, instance:Academy.Addcropfeaturepage@76ed1b7c]" name="addcropfeature" duration-ms="75648" started-at="2020-12-03T09:57:58Z" finished-at="2020-12-03T09:59:13Z">
          <reporter-output>
          </reporter-output>
        </test-method> <!-- addcropfeature -->
        <test-method status="PASS" signature="teardown()[pri:0, instance:Academy.Addcropfeaturepage@76ed1b7c]" name="teardown" is-config="true" duration-ms="141" started-at="2020-12-03T09:59:13Z" finished-at="2020-12-03T09:59:14Z">
          <reporter-output>
          </reporter-output>
        </test-method> <!-- teardown -->
      </class> <!-- Academy.Addcropfeaturepage -->
    </test> <!-- View Add Crop Feature page -->
    <test name="View Adding cropdata page" duration-ms="62198" started-at="2020-12-03T04:29:14Z" finished-at="2020-12-03T04:30:16Z">
      <class name="Academy.Addingcropdatapage">
        <test-method status="PASS" signature="intialize()[pri:0, instance:Academy.Addingcropdatapage@32910148]" name="intialize" is-config="true" duration-ms="7055" started-at="2020-12-03T09:59:14Z" finished-at="2020-12-03T09:59:21Z">
          <reporter-output>
          </reporter-output>
        </test-method> <!-- intialize -->
        <test-method status="PASS" signature="addingcropdata()[pri:0, instance:Academy.Addingcropdatapage@32910148]" name="addingcropdata" duration-ms="54999" started-at="2020-12-03T09:59:21Z" finished-at="2020-12-03T10:00:16Z">
          <reporter-output>
          </reporter-output>
        </test-method> <!-- addingcropdata -->
        <test-method status="PASS" signature="teardown()[pri:0, instance:Academy.Addingcropdatapage@32910148]" name="teardown" is-config="true" duration-ms="142" started-at="2020-12-03T10:00:16Z" finished-at="2020-12-03T10:00:16Z">
          <reporter-output>
          </reporter-output>
        </test-method> <!-- teardown -->
      </class> <!-- Academy.Addingcropdatapage -->
    </test> <!-- View Adding cropdata page -->
    <test name="View Send Notifications page" duration-ms="113615" started-at="2020-12-03T04:30:16Z" finished-at="2020-12-03T04:32:09Z">
      <class name="Academy.Sendnotificationspage">
        <test-method status="PASS" signature="intialize()[pri:0, instance:Academy.Sendnotificationspage@4470f8a6]" name="intialize" is-config="true" duration-ms="7094" started-at="2020-12-03T10:00:16Z" finished-at="2020-12-03T10:00:23Z">
          <reporter-output>
          </reporter-output>
        </test-method> <!-- intialize -->
        <test-method status="PASS" signature="sendnotifications()[pri:0, instance:Academy.Sendnotificationspage@4470f8a6]" name="sendnotifications" duration-ms="106364" started-at="2020-12-03T10:00:23Z" finished-at="2020-12-03T10:02:09Z">
          <reporter-output>
          </reporter-output>
        </test-method> <!-- sendnotifications -->
        <test-method status="PASS" signature="teardown()[pri:0, instance:Academy.Sendnotificationspage@4470f8a6]" name="teardown" is-config="true" duration-ms="154" started-at="2020-12-03T10:02:09Z" finished-at="2020-12-03T10:02:09Z">
          <reporter-output>
          </reporter-output>
        </test-method> <!-- teardown -->
      </class> <!-- Academy.Sendnotificationspage -->
    </test> <!-- View Send Notifications page -->
    <test name="View Newsfeeds page" duration-ms="61786" started-at="2020-12-03T04:32:09Z" finished-at="2020-12-03T04:33:11Z">
      <class name="Academy.Newsnfeedspage">
        <test-method status="PASS" signature="intialize()[pri:0, instance:Academy.Newsnfeedspage@2f54a33d]" name="intialize" is-config="true" duration-ms="6731" started-at="2020-12-03T10:02:09Z" finished-at="2020-12-03T10:02:16Z">
          <reporter-output>
          </reporter-output>
        </test-method> <!-- intialize -->
        <test-method status="PASS" signature="marketprices()[pri:0, instance:Academy.Newsnfeedspage@2f54a33d]" name="marketprices" duration-ms="54919" started-at="2020-12-03T10:02:16Z" finished-at="2020-12-03T10:03:11Z">
          <reporter-output>
          </reporter-output>
        </test-method> <!-- marketprices -->
        <test-method status="PASS" signature="teardown()[pri:0, instance:Academy.Newsnfeedspage@2f54a33d]" name="teardown" is-config="true" duration-ms="134" started-at="2020-12-03T10:03:11Z" finished-at="2020-12-03T10:03:11Z">
          <reporter-output>
          </reporter-output>
        </test-method> <!-- teardown -->
      </class> <!-- Academy.Newsnfeedspage -->
    </test> <!-- View Newsfeeds page -->
    <test name="View Market Prices page" duration-ms="88662" started-at="2020-12-03T04:33:11Z" finished-at="2020-12-03T04:34:40Z">
      <class name="Academy.Marketpricespage">
        <test-method status="PASS" signature="intialize()[pri:0, instance:Academy.Marketpricespage@5ab9e72c]" name="intialize" is-config="true" duration-ms="7540" started-at="2020-12-03T10:03:11Z" finished-at="2020-12-03T10:03:19Z">
          <reporter-output>
          </reporter-output>
        </test-method> <!-- intialize -->
        <test-method status="PASS" signature="marketprices()[pri:0, instance:Academy.Marketpricespage@5ab9e72c]" name="marketprices" duration-ms="80998" started-at="2020-12-03T10:03:19Z" finished-at="2020-12-03T10:04:40Z">
          <reporter-output>
          </reporter-output>
        </test-method> <!-- marketprices -->
        <test-method status="PASS" signature="teardown()[pri:0, instance:Academy.Marketpricespage@5ab9e72c]" name="teardown" is-config="true" duration-ms="122" started-at="2020-12-03T10:04:40Z" finished-at="2020-12-03T10:04:40Z">
          <reporter-output>
          </reporter-output>
        </test-method> <!-- teardown -->
      </class> <!-- Academy.Marketpricespage -->
    </test> <!-- View Market Prices page -->
    <test name="View Images page" duration-ms="62432" started-at="2020-12-03T04:34:40Z" finished-at="2020-12-03T04:35:42Z">
      <class name="Academy.Imagespage">
        <test-method status="PASS" signature="intialize()[pri:0, instance:Academy.Imagespage@574b560f]" name="intialize" is-config="true" duration-ms="6984" started-at="2020-12-03T10:04:40Z" finished-at="2020-12-03T10:04:47Z">
          <reporter-output>
          </reporter-output>
        </test-method> <!-- intialize -->
        <test-method status="PASS" signature="images()[pri:0, instance:Academy.Imagespage@574b560f]" name="images" duration-ms="55315" started-at="2020-12-03T10:04:47Z" finished-at="2020-12-03T10:05:42Z">
          <reporter-output>
          </reporter-output>
        </test-method> <!-- images -->
        <test-method status="PASS" signature="teardown()[pri:0, instance:Academy.Imagespage@574b560f]" name="teardown" is-config="true" duration-ms="133" started-at="2020-12-03T10:05:42Z" finished-at="2020-12-03T10:05:42Z">
          <reporter-output>
          </reporter-output>
        </test-method> <!-- teardown -->
      </class> <!-- Academy.Imagespage -->
    </test> <!-- View Images page -->
    <test name="View Farm User OTP Logs page" duration-ms="92830" started-at="2020-12-03T04:35:43Z" finished-at="2020-12-03T04:37:15Z">
      <class name="Academy.Farmuserotplogspage">
        <test-method status="PASS" signature="intialize()[pri:0, instance:Academy.Farmuserotplogspage@236e3f4e]" name="intialize" is-config="true" duration-ms="7190" started-at="2020-12-03T10:05:43Z" finished-at="2020-12-03T10:05:50Z">
          <reporter-output>
          </reporter-output>
        </test-method> <!-- intialize -->
        <test-method status="PASS" signature="farmuserotplogs()[pri:0, instance:Academy.Farmuserotplogspage@236e3f4e]" name="farmuserotplogs" duration-ms="85517" started-at="2020-12-03T10:05:50Z" finished-at="2020-12-03T10:07:15Z">
          <reporter-output>
          </reporter-output>
        </test-method> <!-- farmuserotplogs -->
        <test-method status="PASS" signature="teardown()[pri:0, instance:Academy.Farmuserotplogspage@236e3f4e]" name="teardown" is-config="true" duration-ms="121" started-at="2020-12-03T10:07:15Z" finished-at="2020-12-03T10:07:15Z">
          <reporter-output>
          </reporter-output>
        </test-method> <!-- teardown -->
      </class> <!-- Academy.Farmuserotplogspage -->
    </test> <!-- View Farm User OTP Logs page -->
    <test name="View Schedule Notification page" duration-ms="69782" started-at="2020-12-03T04:37:15Z" finished-at="2020-12-03T04:38:25Z">
      <class name="Academy.Schedulenotificationpage">
        <test-method status="PASS" signature="intialize()[pri:0, instance:Academy.Schedulenotificationpage@87a85e1]" name="intialize" is-config="true" duration-ms="7058" started-at="2020-12-03T10:07:15Z" finished-at="2020-12-03T10:07:22Z">
          <reporter-output>
          </reporter-output>
        </test-method> <!-- intialize -->
        <test-method status="FAIL" signature="schedulenotification()[pri:0, instance:Academy.Schedulenotificationpage@87a85e1]" name="schedulenotification" duration-ms="62036" started-at="2020-12-03T10:07:22Z" finished-at="2020-12-03T10:08:24Z">
          <exception class="org.openqa.selenium.NoSuchElementException">
            <message>
              <![CDATA[no such element: Unable to locate element: {"method":"css selector","selector":"*[name='upmargin']"}
  (Session info: chrome=87.0.4280.66)
For documentation on this error, please visit: https://www.seleniumhq.org/exceptions/no_such_element.html
Build info: version: '3.141.59', revision: 'e82be7d358', time: '2018-11-14T08:17:03'
System info: host: 'DESKTOP-TJ32CGS', ip: '192.168.26.1', os.name: 'Windows 10', os.arch: 'amd64', os.version: '10.0', java.version: '1.8.0_261'
Driver info: org.openqa.selenium.chrome.ChromeDriver
Capabilities {acceptInsecureCerts: false, browserName: chrome, browserVersion: 87.0.4280.66, chrome: {chromedriverVersion: 86.0.4240.22 (398b0743353ff..., userDataDir: C:\Users\HP\AppData\Local\T...}, goog:chromeOptions: {debuggerAddress: localhost:55999}, javascriptEnabled: true, networkConnectionEnabled: false, pageLoadStrategy: normal, platform: WINDOWS, platformName: WINDOWS, proxy: Proxy(), setWindowRect: true, strictFileInteractability: false, timeouts: {implicit: 0, pageLoad: 300000, script: 30000}, unhandledPromptBehavior: dismiss and notify, webauthn:virtualAuthenticators: true}
Session ID: 550f93ac4240dea2a50a64703e37a167
*** Element info: {Using=name, value=upmargin}]]>
            </message>
            <full-stacktrace>
              <![CDATA[org.openqa.selenium.NoSuchElementException: no such element: Unable to locate element: {"method":"css selector","selector":"*[name='upmargin']"}
  (Session info: chrome=87.0.4280.66)
For documentation on this error, please visit: https://www.seleniumhq.org/exceptions/no_such_element.html
Build info: version: '3.141.59', revision: 'e82be7d358', time: '2018-11-14T08:17:03'
System info: host: 'DESKTOP-TJ32CGS', ip: '192.168.26.1', os.name: 'Windows 10', os.arch: 'amd64', os.version: '10.0', java.version: '1.8.0_261'
Driver info: org.openqa.selenium.chrome.ChromeDriver
Capabilities {acceptInsecureCerts: false, browserName: chrome, browserVersion: 87.0.4280.66, chrome: {chromedriverVersion: 86.0.4240.22 (398b0743353ff..., userDataDir: C:\Users\HP\AppData\Local\T...}, goog:chromeOptions: {debuggerAddress: localhost:55999}, javascriptEnabled: true, networkConnectionEnabled: false, pageLoadStrategy: normal, platform: WINDOWS, platformName: WINDOWS, proxy: Proxy(), setWindowRect: true, strictFileInteractability: false, timeouts: {implicit: 0, pageLoad: 300000, script: 30000}, unhandledPromptBehavior: dismiss and notify, webauthn:virtualAuthenticators: true}
Session ID: 550f93ac4240dea2a50a64703e37a167
*** Element info: {Using=name, value=upmargin}
	at sun.reflect.NativeConstructorAccessorImpl.newInstance0(Native Method)
	at sun.reflect.NativeConstructorAccessorImpl.newInstance(NativeConstructorAccessorImpl.java:62)
	at sun.reflect.DelegatingConstructorAccessorImpl.newInstance(DelegatingConstructorAccessorImpl.java:45)
	at java.lang.reflect.Constructor.newInstance(Constructor.java:423)
	at org.openqa.selenium.remote.http.W3CHttpResponseCodec.createException(W3CHttpResponseCodec.java:187)
	at org.openqa.selenium.remote.http.W3CHttpResponseCodec.decode(W3CHttpResponseCodec.java:122)
	at org.openqa.selenium.remote.http.W3CHttpResponseCodec.decode(W3CHttpResponseCodec.java:49)
	at org.openqa.selenium.remote.HttpCommandExecutor.execute(HttpCommandExecutor.java:158)
	at org.openqa.selenium.remote.service.DriverCommandExecutor.execute(DriverCommandExecutor.java:83)
	at org.openqa.selenium.remote.RemoteWebDriver.execute(RemoteWebDriver.java:552)
	at org.openqa.selenium.remote.RemoteWebDriver.findElement(RemoteWebDriver.java:323)
	at org.openqa.selenium.remote.RemoteWebDriver.findElementByName(RemoteWebDriver.java:404)
	at org.openqa.selenium.By$ByName.findElement(By.java:284)
	at org.openqa.selenium.remote.RemoteWebDriver.findElement(RemoteWebDriver.java:315)
	at pageObjects.Schedulenotification.getsavebutton(Schedulenotification.java:62)
	at Academy.Schedulenotificationpage.schedulenotification(Schedulenotificationpage.java:55)
	at sun.reflect.NativeMethodAccessorImpl.invoke0(Native Method)
	at sun.reflect.NativeMethodAccessorImpl.invoke(NativeMethodAccessorImpl.java:62)
	at sun.reflect.DelegatingMethodAccessorImpl.invoke(DelegatingMethodAccessorImpl.java:43)
	at java.lang.reflect.Method.invoke(Method.java:498)
	at org.testng.internal.MethodInvocationHelper.invokeMethod(MethodInvocationHelper.java:80)
	at org.testng.internal.Invoker.invokeMethod(Invoker.java:714)
	at org.testng.internal.Invoker.invokeTestMethod(Invoker.java:901)
	at org.testng.internal.Invoker.invokeTestMethods(Invoker.java:1231)
	at org.testng.internal.TestMethodWorker.invokeTestMethods(TestMethodWorker.java:127)
	at org.testng.internal.TestMethodWorker.run(TestMethodWorker.java:111)
	at org.testng.TestRunner.privateRun(TestRunner.java:767)
	at org.testng.TestRunner.run(TestRunner.java:617)
	at org.testng.SuiteRunner.runTest(SuiteRunner.java:334)
	at org.testng.SuiteRunner.runSequentially(SuiteRunner.java:329)
	at org.testng.SuiteRunner.privateRun(SuiteRunner.java:291)
	at org.testng.SuiteRunner.run(SuiteRunner.java:240)
	at org.testng.SuiteRunnerWorker.runSuite(SuiteRunnerWorker.java:52)
	at org.testng.SuiteRunnerWorker.run(SuiteRunnerWorker.java:86)
	at org.testng.TestNG.runSuitesSequentially(TestNG.java:1198)
	at org.testng.TestNG.runSuitesLocally(TestNG.java:1123)
	at org.testng.TestNG.run(TestNG.java:1031)
	at org.apache.maven.surefire.testng.TestNGExecutor.run(TestNGExecutor.java:283)
	at org.apache.maven.surefire.testng.TestNGXmlTestSuite.execute(TestNGXmlTestSuite.java:75)
	at org.apache.maven.surefire.testng.TestNGProvider.invoke(TestNGProvider.java:120)
	at org.apache.maven.surefire.booter.ForkedBooter.invokeProviderInSameClassLoader(ForkedBooter.java:386)
	at org.apache.maven.surefire.booter.ForkedBooter.runSuitesInProcess(ForkedBooter.java:323)
	at org.apache.maven.surefire.booter.ForkedBooter.main(ForkedBooter.java:143)
]]>
            </full-stacktrace>
          </exception> <!-- org.openqa.selenium.NoSuchElementException -->
          <reporter-output>
          </reporter-output>
        </test-method> <!-- schedulenotification -->
        <test-method status="PASS" signature="teardown()[pri:0, instance:Academy.Schedulenotificationpage@87a85e1]" name="teardown" is-config="true" duration-ms="250" started-at="2020-12-03T10:08:25Z" finished-at="2020-12-03T10:08:25Z">
          <reporter-output>
          </reporter-output>
        </test-method> <!-- teardown -->
      </class> <!-- Academy.Schedulenotificationpage -->
    </test> <!-- View Schedule Notification page -->
    <test name="View Reuninstalled page" duration-ms="69135" started-at="2020-12-03T04:38:25Z" finished-at="2020-12-03T04:39:34Z">
      <class name="Academy.Reuninstalleduserspage">
        <test-method status="PASS" signature="intialize()[pri:0, instance:Academy.Reuninstalleduserspage@c03cf28]" name="intialize" is-config="true" duration-ms="7164" started-at="2020-12-03T10:08:25Z" finished-at="2020-12-03T10:08:32Z">
          <reporter-output>
          </reporter-output>
        </test-method> <!-- intialize -->
        <test-method status="PASS" signature="reuninstalledusers()[pri:0, instance:Academy.Reuninstalleduserspage@c03cf28]" name="reuninstalledusers" duration-ms="61824" started-at="2020-12-03T10:08:32Z" finished-at="2020-12-03T10:09:34Z">
          <reporter-output>
          </reporter-output>
        </test-method> <!-- reuninstalledusers -->
        <test-method status="PASS" signature="teardown()[pri:0, instance:Academy.Reuninstalleduserspage@c03cf28]" name="teardown" is-config="true" duration-ms="147" started-at="2020-12-03T10:09:34Z" finished-at="2020-12-03T10:09:34Z">
          <reporter-output>
          </reporter-output>
        </test-method> <!-- teardown -->
      </class> <!-- Academy.Reuninstalleduserspage -->
    </test> <!-- View Reuninstalled page -->
    <test name="View Mobiles page" duration-ms="76790" started-at="2020-12-03T04:39:34Z" finished-at="2020-12-03T04:40:51Z">
      <class name="Academy.Mobilespage">
        <test-method status="PASS" signature="intialize()[pri:0, instance:Academy.Mobilespage@4f67eb2a]" name="intialize" is-config="true" duration-ms="7615" started-at="2020-12-03T10:09:34Z" finished-at="2020-12-03T10:09:42Z">
          <reporter-output>
          </reporter-output>
        </test-method> <!-- intialize -->
        <test-method status="FAIL" signature="mobiles()[pri:0, instance:Academy.Mobilespage@4f67eb2a]" name="mobiles" duration-ms="68697" started-at="2020-12-03T10:09:42Z" finished-at="2020-12-03T10:10:51Z">
          <exception class="org.openqa.selenium.ElementNotInteractableException">
            <message>
              <![CDATA[element not interactable
  (Session info: chrome=87.0.4280.66)
Build info: version: '3.141.59', revision: 'e82be7d358', time: '2018-11-14T08:17:03'
System info: host: 'DESKTOP-TJ32CGS', ip: '192.168.26.1', os.name: 'Windows 10', os.arch: 'amd64', os.version: '10.0', java.version: '1.8.0_261'
Driver info: org.openqa.selenium.chrome.ChromeDriver
Capabilities {acceptInsecureCerts: false, browserName: chrome, browserVersion: 87.0.4280.66, chrome: {chromedriverVersion: 86.0.4240.22 (398b0743353ff..., userDataDir: C:\Users\HP\AppData\Local\T...}, goog:chromeOptions: {debuggerAddress: localhost:56105}, javascriptEnabled: true, networkConnectionEnabled: false, pageLoadStrategy: normal, platform: WINDOWS, platformName: WINDOWS, proxy: Proxy(), setWindowRect: true, strictFileInteractability: false, timeouts: {implicit: 0, pageLoad: 300000, script: 30000}, unhandledPromptBehavior: dismiss and notify, webauthn:virtualAuthenticators: true}
Session ID: e2e784640e667be43f4209b2aa09ed09]]>
            </message>
            <full-stacktrace>
              <![CDATA[org.openqa.selenium.ElementNotInteractableException: element not interactable
  (Session info: chrome=87.0.4280.66)
Build info: version: '3.141.59', revision: 'e82be7d358', time: '2018-11-14T08:17:03'
System info: host: 'DESKTOP-TJ32CGS', ip: '192.168.26.1', os.name: 'Windows 10', os.arch: 'amd64', os.version: '10.0', java.version: '1.8.0_261'
Driver info: org.openqa.selenium.chrome.ChromeDriver
Capabilities {acceptInsecureCerts: false, browserName: chrome, browserVersion: 87.0.4280.66, chrome: {chromedriverVersion: 86.0.4240.22 (398b0743353ff..., userDataDir: C:\Users\HP\AppData\Local\T...}, goog:chromeOptions: {debuggerAddress: localhost:56105}, javascriptEnabled: true, networkConnectionEnabled: false, pageLoadStrategy: normal, platform: WINDOWS, platformName: WINDOWS, proxy: Proxy(), setWindowRect: true, strictFileInteractability: false, timeouts: {implicit: 0, pageLoad: 300000, script: 30000}, unhandledPromptBehavior: dismiss and notify, webauthn:virtualAuthenticators: true}
Session ID: e2e784640e667be43f4209b2aa09ed09
	at sun.reflect.NativeConstructorAccessorImpl.newInstance0(Native Method)
	at sun.reflect.NativeConstructorAccessorImpl.newInstance(NativeConstructorAccessorImpl.java:62)
	at sun.reflect.DelegatingConstructorAccessorImpl.newInstance(DelegatingConstructorAccessorImpl.java:45)
	at java.lang.reflect.Constructor.newInstance(Constructor.java:423)
	at org.openqa.selenium.remote.http.W3CHttpResponseCodec.createException(W3CHttpResponseCodec.java:187)
	at org.openqa.selenium.remote.http.W3CHttpResponseCodec.decode(W3CHttpResponseCodec.java:122)
	at org.openqa.selenium.remote.http.W3CHttpResponseCodec.decode(W3CHttpResponseCodec.java:49)
	at org.openqa.selenium.remote.HttpCommandExecutor.execute(HttpCommandExecutor.java:158)
	at org.openqa.selenium.remote.service.DriverCommandExecutor.execute(DriverCommandExecutor.java:83)
	at org.openqa.selenium.remote.RemoteWebDriver.execute(RemoteWebDriver.java:552)
	at org.openqa.selenium.remote.RemoteWebElement.execute(RemoteWebElement.java:285)
	at org.openqa.selenium.remote.RemoteWebElement.click(RemoteWebElement.java:84)
	at Academy.Mobilespage.mobiles(Mobilespage.java:60)
	at sun.reflect.NativeMethodAccessorImpl.invoke0(Native Method)
	at sun.reflect.NativeMethodAccessorImpl.invoke(NativeMethodAccessorImpl.java:62)
	at sun.reflect.DelegatingMethodAccessorImpl.invoke(DelegatingMethodAccessorImpl.java:43)
	at java.lang.reflect.Method.invoke(Method.java:498)
	at org.testng.internal.MethodInvocationHelper.invokeMethod(MethodInvocationHelper.java:80)
	at org.testng.internal.Invoker.invokeMethod(Invoker.java:714)
	at org.testng.internal.Invoker.invokeTestMethod(Invoker.java:901)
	at org.testng.internal.Invoker.invokeTestMethods(Invoker.java:1231)
	at org.testng.internal.TestMethodWorker.invokeTestMethods(TestMethodWorker.java:127)
	at org.testng.internal.TestMethodWorker.run(TestMethodWorker.java:111)
	at org.testng.TestRunner.privateRun(TestRunner.java:767)
	at org.testng.TestRunner.run(TestRunner.java:617)
	at org.testng.SuiteRunner.runTest(SuiteRunner.java:334)
	at org.testng.SuiteRunner.runSequentially(SuiteRunner.java:329)
	at org.testng.SuiteRunner.privateRun(SuiteRunner.java:291)
	at org.testng.SuiteRunner.run(SuiteRunner.java:240)
	at org.testng.SuiteRunnerWorker.runSuite(SuiteRunnerWorker.java:52)
	at org.testng.SuiteRunnerWorker.run(SuiteRunnerWorker.java:86)
	at org.testng.TestNG.runSuitesSequentially(TestNG.java:1198)
	at org.testng.TestNG.runSuitesLocally(TestNG.java:1123)
	at org.testng.TestNG.run(TestNG.java:1031)
	at org.apache.maven.surefire.testng.TestNGExecutor.run(TestNGExecutor.java:283)
	at org.apache.maven.surefire.testng.TestNGXmlTestSuite.execute(TestNGXmlTestSuite.java:75)
	at org.apache.maven.surefire.testng.TestNGProvider.invoke(TestNGProvider.java:120)
	at org.apache.maven.surefire.booter.ForkedBooter.invokeProviderInSameClassLoader(ForkedBooter.java:386)
	at org.apache.maven.surefire.booter.ForkedBooter.runSuitesInProcess(ForkedBooter.java:323)
	at org.apache.maven.surefire.booter.ForkedBooter.main(ForkedBooter.java:143)
]]>
            </full-stacktrace>
          </exception> <!-- org.openqa.selenium.ElementNotInteractableException -->
          <reporter-output>
          </reporter-output>
        </test-method> <!-- mobiles -->
        <test-method status="PASS" signature="teardown()[pri:0, instance:Academy.Mobilespage@4f67eb2a]" name="teardown" is-config="true" duration-ms="100" started-at="2020-12-03T10:10:51Z" finished-at="2020-12-03T10:10:51Z">
          <reporter-output>
          </reporter-output>
        </test-method> <!-- teardown -->
      </class> <!-- Academy.Mobilespage -->
    </test> <!-- View Mobiles page -->
    <test name="View Profile page" duration-ms="63260" started-at="2020-12-03T04:40:51Z" finished-at="2020-12-03T04:41:55Z">
      <class name="Academy.Personalprofilepage">
        <test-method status="PASS" signature="intialize()[pri:0, instance:Academy.Personalprofilepage@6f27a732]" name="intialize" is-config="true" duration-ms="7305" started-at="2020-12-03T10:10:51Z" finished-at="2020-12-03T10:10:59Z">
          <reporter-output>
          </reporter-output>
        </test-method> <!-- intialize -->
        <test-method status="PASS" signature="personalprofile()[pri:0, instance:Academy.Personalprofilepage@6f27a732]" name="personalprofile" duration-ms="55851" started-at="2020-12-03T10:10:59Z" finished-at="2020-12-03T10:11:54Z">
          <reporter-output>
          </reporter-output>
        </test-method> <!-- personalprofile -->
        <test-method status="PASS" signature="teardown()[pri:0, instance:Academy.Personalprofilepage@6f27a732]" name="teardown" is-config="true" duration-ms="104" started-at="2020-12-03T10:11:54Z" finished-at="2020-12-03T10:11:55Z">
          <reporter-output>
          </reporter-output>
        </test-method> <!-- teardown -->
      </class> <!-- Academy.Personalprofilepage -->
    </test> <!-- View Profile page -->
    <test name="View Settings page" duration-ms="78578" started-at="2020-12-03T04:41:55Z" finished-at="2020-12-03T04:43:13Z">
      <class name="Academy.Settingspage">
        <test-method status="PASS" signature="intialize()[pri:0, instance:Academy.Settingspage@2525ff7e]" name="intialize" is-config="true" duration-ms="7517" started-at="2020-12-03T10:11:55Z" finished-at="2020-12-03T10:12:02Z">
          <reporter-output>
          </reporter-output>
        </test-method> <!-- intialize -->
        <test-method status="FAIL" signature="settings()[pri:0, instance:Academy.Settingspage@2525ff7e]" name="settings" duration-ms="70638" started-at="2020-12-03T10:12:02Z" finished-at="2020-12-03T10:13:13Z">
          <exception class="org.openqa.selenium.NoSuchElementException">
            <message>
              <![CDATA[no such element: Unable to locate element: {"method":"xpath","selector":"//button[contains(text(),'OK')]"}
  (Session info: chrome=87.0.4280.66)
For documentation on this error, please visit: https://www.seleniumhq.org/exceptions/no_such_element.html
Build info: version: '3.141.59', revision: 'e82be7d358', time: '2018-11-14T08:17:03'
System info: host: 'DESKTOP-TJ32CGS', ip: '192.168.26.1', os.name: 'Windows 10', os.arch: 'amd64', os.version: '10.0', java.version: '1.8.0_261'
Driver info: org.openqa.selenium.chrome.ChromeDriver
Capabilities {acceptInsecureCerts: false, browserName: chrome, browserVersion: 87.0.4280.66, chrome: {chromedriverVersion: 86.0.4240.22 (398b0743353ff..., userDataDir: C:\Users\HP\AppData\Local\T...}, goog:chromeOptions: {debuggerAddress: localhost:56354}, javascriptEnabled: true, networkConnectionEnabled: false, pageLoadStrategy: normal, platform: WINDOWS, platformName: WINDOWS, proxy: Proxy(), setWindowRect: true, strictFileInteractability: false, timeouts: {implicit: 0, pageLoad: 300000, script: 30000}, unhandledPromptBehavior: dismiss and notify, webauthn:virtualAuthenticators: true}
Session ID: 8f073885e47854eb4b38ce79bfe78a91
*** Element info: {Using=xpath, value=//button[contains(text(),'OK')]}]]>
            </message>
            <full-stacktrace>
              <![CDATA[org.openqa.selenium.NoSuchElementException: no such element: Unable to locate element: {"method":"xpath","selector":"//button[contains(text(),'OK')]"}
  (Session info: chrome=87.0.4280.66)
For documentation on this error, please visit: https://www.seleniumhq.org/exceptions/no_such_element.html
Build info: version: '3.141.59', revision: 'e82be7d358', time: '2018-11-14T08:17:03'
System info: host: 'DESKTOP-TJ32CGS', ip: '192.168.26.1', os.name: 'Windows 10', os.arch: 'amd64', os.version: '10.0', java.version: '1.8.0_261'
Driver info: org.openqa.selenium.chrome.ChromeDriver
Capabilities {acceptInsecureCerts: false, browserName: chrome, browserVersion: 87.0.4280.66, chrome: {chromedriverVersion: 86.0.4240.22 (398b0743353ff..., userDataDir: C:\Users\HP\AppData\Local\T...}, goog:chromeOptions: {debuggerAddress: localhost:56354}, javascriptEnabled: true, networkConnectionEnabled: false, pageLoadStrategy: normal, platform: WINDOWS, platformName: WINDOWS, proxy: Proxy(), setWindowRect: true, strictFileInteractability: false, timeouts: {implicit: 0, pageLoad: 300000, script: 30000}, unhandledPromptBehavior: dismiss and notify, webauthn:virtualAuthenticators: true}
Session ID: 8f073885e47854eb4b38ce79bfe78a91
*** Element info: {Using=xpath, value=//button[contains(text(),'OK')]}
	at sun.reflect.NativeConstructorAccessorImpl.newInstance0(Native Method)
	at sun.reflect.NativeConstructorAccessorImpl.newInstance(NativeConstructorAccessorImpl.java:62)
	at sun.reflect.DelegatingConstructorAccessorImpl.newInstance(DelegatingConstructorAccessorImpl.java:45)
	at java.lang.reflect.Constructor.newInstance(Constructor.java:423)
	at org.openqa.selenium.remote.http.W3CHttpResponseCodec.createException(W3CHttpResponseCodec.java:187)
	at org.openqa.selenium.remote.http.W3CHttpResponseCodec.decode(W3CHttpResponseCodec.java:122)
	at org.openqa.selenium.remote.http.W3CHttpResponseCodec.decode(W3CHttpResponseCodec.java:49)
	at org.openqa.selenium.remote.HttpCommandExecutor.execute(HttpCommandExecutor.java:158)
	at org.openqa.selenium.remote.service.DriverCommandExecutor.execute(DriverCommandExecutor.java:83)
	at org.openqa.selenium.remote.RemoteWebDriver.execute(RemoteWebDriver.java:552)
	at org.openqa.selenium.remote.RemoteWebDriver.findElement(RemoteWebDriver.java:323)
	at org.openqa.selenium.remote.RemoteWebDriver.findElementByXPath(RemoteWebDriver.java:428)
	at org.openqa.selenium.By$ByXPath.findElement(By.java:353)
	at org.openqa.selenium.remote.RemoteWebDriver.findElement(RemoteWebDriver.java:315)
	at pageObjects.Settings.getokpopup(Settings.java:76)
	at Academy.Settingspage.settings(Settingspage.java:55)
	at sun.reflect.NativeMethodAccessorImpl.invoke0(Native Method)
	at sun.reflect.NativeMethodAccessorImpl.invoke(NativeMethodAccessorImpl.java:62)
	at sun.reflect.DelegatingMethodAccessorImpl.invoke(DelegatingMethodAccessorImpl.java:43)
	at java.lang.reflect.Method.invoke(Method.java:498)
	at org.testng.internal.MethodInvocationHelper.invokeMethod(MethodInvocationHelper.java:80)
	at org.testng.internal.Invoker.invokeMethod(Invoker.java:714)
	at org.testng.internal.Invoker.invokeTestMethod(Invoker.java:901)
	at org.testng.internal.Invoker.invokeTestMethods(Invoker.java:1231)
	at org.testng.internal.TestMethodWorker.invokeTestMethods(TestMethodWorker.java:127)
	at org.testng.internal.TestMethodWorker.run(TestMethodWorker.java:111)
	at org.testng.TestRunner.privateRun(TestRunner.java:767)
	at org.testng.TestRunner.run(TestRunner.java:617)
	at org.testng.SuiteRunner.runTest(SuiteRunner.java:334)
	at org.testng.SuiteRunner.runSequentially(SuiteRunner.java:329)
	at org.testng.SuiteRunner.privateRun(SuiteRunner.java:291)
	at org.testng.SuiteRunner.run(SuiteRunner.java:240)
	at org.testng.SuiteRunnerWorker.runSuite(SuiteRunnerWorker.java:52)
	at org.testng.SuiteRunnerWorker.run(SuiteRunnerWorker.java:86)
	at org.testng.TestNG.runSuitesSequentially(TestNG.java:1198)
	at org.testng.TestNG.runSuitesLocally(TestNG.java:1123)
	at org.testng.TestNG.run(TestNG.java:1031)
	at org.apache.maven.surefire.testng.TestNGExecutor.run(TestNGExecutor.java:283)
	at org.apache.maven.surefire.testng.TestNGXmlTestSuite.execute(TestNGXmlTestSuite.java:75)
	at org.apache.maven.surefire.testng.TestNGProvider.invoke(TestNGProvider.java:120)
	at org.apache.maven.surefire.booter.ForkedBooter.invokeProviderInSameClassLoader(ForkedBooter.java:386)
	at org.apache.maven.surefire.booter.ForkedBooter.runSuitesInProcess(ForkedBooter.java:323)
	at org.apache.maven.surefire.booter.ForkedBooter.main(ForkedBooter.java:143)
]]>
            </full-stacktrace>
          </exception> <!-- org.openqa.selenium.NoSuchElementException -->
          <reporter-output>
          </reporter-output>
        </test-method> <!-- settings -->
        <test-method status="PASS" signature="teardown()[pri:0, instance:Academy.Settingspage@2525ff7e]" name="teardown" is-config="true" duration-ms="66" started-at="2020-12-03T10:13:13Z" finished-at="2020-12-03T10:13:13Z">
          <reporter-output>
          </reporter-output>
        </test-method> <!-- teardown -->
      </class> <!-- Academy.Settingspage -->
    </test> <!-- View Settings page -->
    <test name="View Logout page" duration-ms="66804" started-at="2020-12-03T04:43:13Z" finished-at="2020-12-03T04:44:20Z">
      <class name="Academy.Logoutpage">
        <test-method status="PASS" signature="intialize()[pri:0, instance:Academy.Logoutpage@4e268090]" name="intialize" is-config="true" duration-ms="7280" started-at="2020-12-03T10:13:13Z" finished-at="2020-12-03T10:13:21Z">
          <reporter-output>
          </reporter-output>
        </test-method> <!-- intialize -->
        <test-method status="FAIL" signature="logout()[pri:0, instance:Academy.Logoutpage@4e268090]" name="logout" duration-ms="59039" started-at="2020-12-03T10:13:21Z" finished-at="2020-12-03T10:14:20Z">
          <exception class="org.openqa.selenium.ElementNotInteractableException">
            <message>
              <![CDATA[element not interactable
  (Session info: chrome=87.0.4280.66)
Build info: version: '3.141.59', revision: 'e82be7d358', time: '2018-11-14T08:17:03'
System info: host: 'DESKTOP-TJ32CGS', ip: '192.168.26.1', os.name: 'Windows 10', os.arch: 'amd64', os.version: '10.0', java.version: '1.8.0_261'
Driver info: org.openqa.selenium.chrome.ChromeDriver
Capabilities {acceptInsecureCerts: false, browserName: chrome, browserVersion: 87.0.4280.66, chrome: {chromedriverVersion: 86.0.4240.22 (398b0743353ff..., userDataDir: C:\Users\HP\AppData\Local\T...}, goog:chromeOptions: {debuggerAddress: localhost:56449}, javascriptEnabled: true, networkConnectionEnabled: false, pageLoadStrategy: normal, platform: WINDOWS, platformName: WINDOWS, proxy: Proxy(), setWindowRect: true, strictFileInteractability: false, timeouts: {implicit: 0, pageLoad: 300000, script: 30000}, unhandledPromptBehavior: dismiss and notify, webauthn:virtualAuthenticators: true}
Session ID: 47d662d359dfcf5825dcb314e48fa577]]>
            </message>
            <full-stacktrace>
              <![CDATA[org.openqa.selenium.ElementNotInteractableException: element not interactable
  (Session info: chrome=87.0.4280.66)
Build info: version: '3.141.59', revision: 'e82be7d358', time: '2018-11-14T08:17:03'
System info: host: 'DESKTOP-TJ32CGS', ip: '192.168.26.1', os.name: 'Windows 10', os.arch: 'amd64', os.version: '10.0', java.version: '1.8.0_261'
Driver info: org.openqa.selenium.chrome.ChromeDriver
Capabilities {acceptInsecureCerts: false, browserName: chrome, browserVersion: 87.0.4280.66, chrome: {chromedriverVersion: 86.0.4240.22 (398b0743353ff..., userDataDir: C:\Users\HP\AppData\Local\T...}, goog:chromeOptions: {debuggerAddress: localhost:56449}, javascriptEnabled: true, networkConnectionEnabled: false, pageLoadStrategy: normal, platform: WINDOWS, platformName: WINDOWS, proxy: Proxy(), setWindowRect: true, strictFileInteractability: false, timeouts: {implicit: 0, pageLoad: 300000, script: 30000}, unhandledPromptBehavior: dismiss and notify, webauthn:virtualAuthenticators: true}
Session ID: 47d662d359dfcf5825dcb314e48fa577
	at sun.reflect.NativeConstructorAccessorImpl.newInstance0(Native Method)
	at sun.reflect.NativeConstructorAccessorImpl.newInstance(NativeConstructorAccessorImpl.java:62)
	at sun.reflect.DelegatingConstructorAccessorImpl.newInstance(DelegatingConstructorAccessorImpl.java:45)
	at java.lang.reflect.Constructor.newInstance(Constructor.java:423)
	at org.openqa.selenium.remote.http.W3CHttpResponseCodec.createException(W3CHttpResponseCodec.java:187)
	at org.openqa.selenium.remote.http.W3CHttpResponseCodec.decode(W3CHttpResponseCodec.java:122)
	at org.openqa.selenium.remote.http.W3CHttpResponseCodec.decode(W3CHttpResponseCodec.java:49)
	at org.openqa.selenium.remote.HttpCommandExecutor.execute(HttpCommandExecutor.java:158)
	at org.openqa.selenium.remote.service.DriverCommandExecutor.execute(DriverCommandExecutor.java:83)
	at org.openqa.selenium.remote.RemoteWebDriver.execute(RemoteWebDriver.java:552)
	at org.openqa.selenium.remote.RemoteWebElement.execute(RemoteWebElement.java:285)
	at org.openqa.selenium.remote.RemoteWebElement.click(RemoteWebElement.java:84)
	at Academy.Logoutpage.logout(Logoutpage.java:51)
	at sun.reflect.NativeMethodAccessorImpl.invoke0(Native Method)
	at sun.reflect.NativeMethodAccessorImpl.invoke(NativeMethodAccessorImpl.java:62)
	at sun.reflect.DelegatingMethodAccessorImpl.invoke(DelegatingMethodAccessorImpl.java:43)
	at java.lang.reflect.Method.invoke(Method.java:498)
	at org.testng.internal.MethodInvocationHelper.invokeMethod(MethodInvocationHelper.java:80)
	at org.testng.internal.Invoker.invokeMethod(Invoker.java:714)
	at org.testng.internal.Invoker.invokeTestMethod(Invoker.java:901)
	at org.testng.internal.Invoker.invokeTestMethods(Invoker.java:1231)
	at org.testng.internal.TestMethodWorker.invokeTestMethods(TestMethodWorker.java:127)
	at org.testng.internal.TestMethodWorker.run(TestMethodWorker.java:111)
	at org.testng.TestRunner.privateRun(TestRunner.java:767)
	at org.testng.TestRunner.run(TestRunner.java:617)
	at org.testng.SuiteRunner.runTest(SuiteRunner.java:334)
	at org.testng.SuiteRunner.runSequentially(SuiteRunner.java:329)
	at org.testng.SuiteRunner.privateRun(SuiteRunner.java:291)
	at org.testng.SuiteRunner.run(SuiteRunner.java:240)
	at org.testng.SuiteRunnerWorker.runSuite(SuiteRunnerWorker.java:52)
	at org.testng.SuiteRunnerWorker.run(SuiteRunnerWorker.java:86)
	at org.testng.TestNG.runSuitesSequentially(TestNG.java:1198)
	at org.testng.TestNG.runSuitesLocally(TestNG.java:1123)
	at org.testng.TestNG.run(TestNG.java:1031)
	at org.apache.maven.surefire.testng.TestNGExecutor.run(TestNGExecutor.java:283)
	at org.apache.maven.surefire.testng.TestNGXmlTestSuite.execute(TestNGXmlTestSuite.java:75)
	at org.apache.maven.surefire.testng.TestNGProvider.invoke(TestNGProvider.java:120)
	at org.apache.maven.surefire.booter.ForkedBooter.invokeProviderInSameClassLoader(ForkedBooter.java:386)
	at org.apache.maven.surefire.booter.ForkedBooter.runSuitesInProcess(ForkedBooter.java:323)
	at org.apache.maven.surefire.booter.ForkedBooter.main(ForkedBooter.java:143)
]]>
            </full-stacktrace>
          </exception> <!-- org.openqa.selenium.ElementNotInteractableException -->
          <reporter-output>
          </reporter-output>
        </test-method> <!-- logout -->
        <test-method status="PASS" signature="teardown()[pri:0, instance:Academy.Logoutpage@4e268090]" name="teardown" is-config="true" duration-ms="84" started-at="2020-12-03T10:14:20Z" finished-at="2020-12-03T10:14:20Z">
          <reporter-output>
          </reporter-output>
        </test-method> <!-- teardown -->
      </class> <!-- Academy.Logoutpage -->
    </test> <!-- View Logout page -->
  </suite> <!-- Suite -->
</testng-results>
